d:\desktop\nyu classes\cs3113 game\cs3113hw\final\final\debug\vc141.pdb
d:\desktop\nyu classes\cs3113 game\cs3113hw\final\final\debug\vc141.idb
d:\desktop\nyu classes\cs3113 game\cs3113hw\final\final\debug\entitydata.obj
d:\desktop\nyu classes\cs3113 game\cs3113hw\final\final\debug\entity.obj
d:\desktop\nyu classes\cs3113 game\cs3113hw\final\final\debug\map.obj
d:\desktop\nyu classes\cs3113 game\cs3113hw\final\final\debug\main.obj
d:\desktop\nyu classes\cs3113 game\cs3113hw\final\final\debug\inithelper.obj
d:\desktop\nyu classes\cs3113 game\cs3113hw\final\final\debug\shaders.obj
d:\desktop\nyu classes\cs3113 game\cs3113hw\final\final\debug\texturemanager.obj
d:\desktop\nyu classes\cs3113 game\cs3113hw\final\debug\final.exe
d:\desktop\nyu classes\cs3113 game\cs3113hw\final\debug\final.ilk
d:\desktop\nyu classes\cs3113 game\cs3113hw\final\debug\final.pdb
d:\desktop\nyu classes\cs3113 game\cs3113hw\final\final\debug\inithelper.new.obj.enc
d:\desktop\nyu classes\cs3113 game\cs3113hw\final\final\debug\main.new.obj.enc
d:\desktop\nyu classes\cs3113 game\cs3113hw\final\final\debug\final.tlog\cl.command.1.tlog
d:\desktop\nyu classes\cs3113 game\cs3113hw\final\final\debug\final.tlog\cl.read.1.tlog
d:\desktop\nyu classes\cs3113 game\cs3113hw\final\final\debug\final.tlog\cl.write.1.tlog
d:\desktop\nyu classes\cs3113 game\cs3113hw\final\final\debug\final.tlog\link.command.1.tlog
d:\desktop\nyu classes\cs3113 game\cs3113hw\final\final\debug\final.tlog\link.read.1.tlog
d:\desktop\nyu classes\cs3113 game\cs3113hw\final\final\debug\final.tlog\link.write.1.tlog
